<?xml version="1.0" encoding="UTF-8"?>
<testng-results ignored="0" total="3" passed="3" failed="0" skipped="0">
  <reporter-output>
  </reporter-output>
  <suite started-at="2024-09-05T12:15:36 IST" name="Suite" finished-at="2024-09-05T12:16:19 IST" duration-ms="43260">
    <groups>
    </groups>
    <test started-at="2024-09-05T12:15:36 IST" name="Test1" finished-at="2024-09-05T12:16:16 IST" duration-ms="40595">
      <class name="com.SeleniumGrid.AssignmentDevops.ParallelBrowser">
        <test-method signature="CrossBrowser(java.lang.String)[pri:0, instance:com.SeleniumGrid.AssignmentDevops.ParallelBrowser@5824a83d]" started-at="2024-09-05T12:15:36 IST" name="CrossBrowser" finished-at="2024-09-05T12:16:16 IST" duration-ms="40502" status="PASS">
          <params>
            <param index="0">
              <value>
                <![CDATA[chrome]]>
              </value>
            </param>
          </params>
          <reporter-output>
          </reporter-output>
        </test-method> <!-- CrossBrowser -->
      </class> <!-- com.SeleniumGrid.AssignmentDevops.ParallelBrowser -->
    </test> <!-- Test1 -->
    <test started-at="2024-09-05T12:15:36 IST" name="Test2" finished-at="2024-09-05T12:16:17 IST" duration-ms="41385">
      <class name="com.SeleniumGrid.AssignmentDevops.ParallelBrowser">
        <test-method signature="CrossBrowser(java.lang.String)[pri:0, instance:com.SeleniumGrid.AssignmentDevops.ParallelBrowser@196a42c3]" started-at="2024-09-05T12:15:36 IST" name="CrossBrowser" finished-at="2024-09-05T12:16:17 IST" duration-ms="41299" status="PASS">
          <params>
            <param index="0">
              <value>
                <![CDATA[edge]]>
              </value>
            </param>
          </params>
          <reporter-output>
          </reporter-output>
        </test-method> <!-- CrossBrowser -->
      </class> <!-- com.SeleniumGrid.AssignmentDevops.ParallelBrowser -->
    </test> <!-- Test2 -->
    <test started-at="2024-09-05T12:15:36 IST" name="Test3" finished-at="2024-09-05T12:16:19 IST" duration-ms="43260">
      <class name="com.SeleniumGrid.AssignmentDevops.ParallelBrowser">
        <test-method signature="CrossBrowser(java.lang.String)[pri:0, instance:com.SeleniumGrid.AssignmentDevops.ParallelBrowser@15043a2f]" started-at="2024-09-05T12:15:36 IST" name="CrossBrowser" finished-at="2024-09-05T12:16:19 IST" duration-ms="43174" status="PASS">
          <params>
            <param index="0">
              <value>
                <![CDATA[firefox]]>
              </value>
            </param>
          </params>
          <reporter-output>
          </reporter-output>
        </test-method> <!-- CrossBrowser -->
      </class> <!-- com.SeleniumGrid.AssignmentDevops.ParallelBrowser -->
    </test> <!-- Test3 -->
  </suite> <!-- Suite -->
</testng-results>
